# JRE version: OpenJDK Runtime Environment Temurin-17.0.7+7 (17.0.7+7) (build 17.0.7+7)
# Java VM: OpenJDK 64-Bit Server VM Temurin-17.0.7+7 (17.0.7+7, mixed mode, tiered, compressed oops, compressed class ptrs, parallel gc, windows-amd64)
GC Precious Log:
 CPUs: 4 total, 4 available
 Memory: 3976M
 Large Page Support: Disabled
 NUMA Support: Disabled
 Compressed Oops: Enabled (32-bit)
 Alignments: Space 512K, Generation 512K, Heap 2M
 Heap Min Capacity: 100M
 Heap Initial Capacity: 100M
 Heap Max Capacity: 1G
 Pre-touch: Disabled
 Parallel Workers: 4
Heap:
 PSYoungGen      total 3584K, used 557K [0x00000000eab00000, 0x00000000eb180000, 0x0000000100000000)
  eden space 3072K, 16% used [0x00000000eab00000,0x00000000eab7b7c8,0x00000000eae00000)
  from space 512K, 12% used [0x00000000eb100000,0x00000000eb110000,0x00000000eb180000)
  to   space 512K, 0% used [0x00000000eb080000,0x00000000eb080000,0x00000000eb100000)
 ParOldGen       total 303104K, used 265805K [0x00000000c0000000, 0x00000000d2800000, 0x00000000eab00000)
  object space 303104K, 87% used [0x00000000c0000000,0x00000000d03936c8,0x00000000d2800000)
 Metaspace       used 87081K, committed 88128K, reserved 1179648K
  class space    used 8926K, committed 9344K, reserved 1048576K
GC Heap History (20 events):
Event: 3146.978 GC heap before
{Heap before GC invocations=633 (full 17):
 PSYoungGen      total 4096K, used 2960K [0x00000000eab00000, 0x00000000eb080000, 0x0000000100000000)
  eden space 2048K, 100% used [0x00000000eab00000,0x00000000ead00000,0x00000000ead00000)
  from space 2048K, 44% used [0x00000000ead00000,0x00000000eade4010,0x00000000eaf00000)
  to   space 1536K, 0% used [0x00000000eaf00000,0x00000000eaf00000,0x00000000eb080000)
 ParOldGen       total 303104K, used 258427K [0x00000000c0000000, 0x00000000d2800000, 0x00000000eab00000)
  object space 303104K, 85% used [0x00000000c0000000,0x00000000cfc5ec80,0x00000000d2800000)
 Metaspace       used 86878K, committed 88000K, reserved 1179648K
  class space    used 8907K, committed 9344K, reserved 1048576K
}
Event: 3146.983 GC heap after
{Heap after GC invocations=633 (full 17):
 PSYoungGen      total 3584K, used 848K [0x00000000eab00000, 0x00000000eb000000, 0x0000000100000000)
  eden space 2560K, 0% used [0x00000000eab00000,0x00000000eab00000,0x00000000ead80000)
  from space 1024K, 82% used [0x00000000eaf00000,0x00000000eafd4010,0x00000000eb000000)
  to   space 1024K, 0% used [0x00000000eae00000,0x00000000eae00000,0x00000000eaf00000)
 ParOldGen       total 303104K, used 259293K [0x00000000c0000000, 0x00000000d2800000, 0x00000000eab00000)
  object space 303104K, 85% used [0x00000000c0000000,0x00000000cfd37600,0x00000000d2800000)
 Metaspace       used 86878K, committed 88000K, reserved 1179648K
  class space    used 8907K, committed 9344K, reserved 1048576K
}
Event: 3147.002 GC heap before
{Heap before GC invocations=634 (full 17):
 PSYoungGen      total 3584K, used 3408K [0x00000000eab00000, 0x00000000eb000000, 0x0000000100000000)
  eden space 2560K, 100% used [0x00000000eab00000,0x00000000ead80000,0x00000000ead80000)
  from space 1024K, 82% used [0x00000000eaf00000,0x00000000eafd4010,0x00000000eb000000)
  to   space 1024K, 0% used [0x00000000eae00000,0x00000000eae00000,0x00000000eaf00000)
 ParOldGen       total 303104K, used 259293K [0x00000000c0000000, 0x00000000d2800000, 0x00000000eab00000)
  object space 303104K, 85% used [0x00000000c0000000,0x00000000cfd37600,0x00000000d2800000)
 Metaspace       used 86879K, committed 88000K, reserved 1179648K
  class space    used 8907K, committed 9344K, reserved 1048576K
}
Event: 3147.006 GC heap after
{Heap after GC invocations=634 (full 17):
 PSYoungGen      total 4096K, used 480K [0x00000000eab00000, 0x00000000eb000000, 0x0000000100000000)
  eden space 3072K, 0% used [0x00000000eab00000,0x00000000eab00000,0x00000000eae00000)
  from space 1024K, 46% used [0x00000000eae00000,0x00000000eae78000,0x00000000eaf00000)
  to   space 1024K, 0% used [0x00000000eaf00000,0x00000000eaf00000,0x00000000eb000000)
 ParOldGen       total 303104K, used 260061K [0x00000000c0000000, 0x00000000d2800000, 0x00000000eab00000)
  object space 303104K, 85% used [0x00000000c0000000,0x00000000cfdf7710,0x00000000d2800000)
 Metaspace       used 86879K, committed 88000K, reserved 1179648K
  class space    used 8907K, committed 9344K, reserved 1048576K
}
Event: 3147.326 GC heap before
{Heap before GC invocations=635 (full 17):
 PSYoungGen      total 4096K, used 3552K [0x00000000eab00000, 0x00000000eb000000, 0x0000000100000000)
  eden space 3072K, 100% used [0x00000000eab00000,0x00000000eae00000,0x00000000eae00000)
  from space 1024K, 46% used [0x00000000eae00000,0x00000000eae78000,0x00000000eaf00000)
  to   space 1024K, 0% used [0x00000000eaf00000,0x00000000eaf00000,0x00000000eb000000)
 ParOldGen       total 303104K, used 260061K [0x00000000c0000000, 0x00000000d2800000, 0x00000000eab00000)
  object space 303104K, 85% used [0x00000000c0000000,0x00000000cfdf7710,0x00000000d2800000)
 Metaspace       used 86879K, committed 88000K, reserved 1179648K
  class space    used 8907K, committed 9344K, reserved 1048576K
}
Event: 3147.330 GC heap after
{Heap after GC invocations=635 (full 17):
 PSYoungGen      total 4096K, used 917K [0x00000000eab00000, 0x00000000eb100000, 0x0000000100000000)
  eden space 3072K, 0% used [0x00000000eab00000,0x00000000eab00000,0x00000000eae00000)
  from space 1024K, 89% used [0x00000000eaf00000,0x00000000eafe54c0,0x00000000eb000000)
  to   space 1024K, 0% used [0x00000000eae00000,0x00000000eae00000,0x00000000eaf00000)
 ParOldGen       total 303104K, used 260497K [0x00000000c0000000, 0x00000000d2800000, 0x00000000eab00000)
  object space 303104K, 85% used [0x00000000c0000000,0x00000000cfe64610,0x00000000d2800000)
 Metaspace       used 86879K, committed 88000K, reserved 1179648K
  class space    used 8907K, committed 9344K, reserved 1048576K
}
Event: 3147.834 GC heap before
{Heap before GC invocations=636 (full 17):
 PSYoungGen      total 4096K, used 3989K [0x00000000eab00000, 0x00000000eb100000, 0x0000000100000000)
  eden space 3072K, 100% used [0x00000000eab00000,0x00000000eae00000,0x00000000eae00000)
  from space 1024K, 89% used [0x00000000eaf00000,0x00000000eafe54c0,0x00000000eb000000)
  to   space 1024K, 0% used [0x00000000eae00000,0x00000000eae00000,0x00000000eaf00000)
 ParOldGen       total 303104K, used 260497K [0x00000000c0000000, 0x00000000d2800000, 0x00000000eab00000)
  object space 303104K, 85% used [0x00000000c0000000,0x00000000cfe64610,0x00000000d2800000)
 Metaspace       used 86880K, committed 88000K, reserved 1179648K
  class space    used 8907K, committed 9344K, reserved 1048576K
}
Event: 3147.837 GC heap after
{Heap after GC invocations=636 (full 17):
 PSYoungGen      total 4096K, used 566K [0x00000000eab00000, 0x00000000eb000000, 0x0000000100000000)
  eden space 3072K, 0% used [0x00000000eab00000,0x00000000eab00000,0x00000000eae00000)
  from space 1024K, 55% used [0x00000000eae00000,0x00000000eae8d938,0x00000000eaf00000)
  to   space 1024K, 0% used [0x00000000eaf00000,0x00000000eaf00000,0x00000000eb000000)
 ParOldGen       total 303104K, used 261207K [0x00000000c0000000, 0x00000000d2800000, 0x00000000eab00000)
  object space 303104K, 86% used [0x00000000c0000000,0x00000000cff15e90,0x00000000d2800000)
 Metaspace       used 86880K, committed 88000K, reserved 1179648K
  class space    used 8907K, committed 9344K, reserved 1048576K
}
Event: 3147.981 GC heap before
{Heap before GC invocations=637 (full 17):
 PSYoungGen      total 4096K, used 3638K [0x00000000eab00000, 0x00000000eb000000, 0x0000000100000000)
  eden space 3072K, 100% used [0x00000000eab00000,0x00000000eae00000,0x00000000eae00000)
  from space 1024K, 55% used [0x00000000eae00000,0x00000000eae8d938,0x00000000eaf00000)
  to   space 1024K, 0% used [0x00000000eaf00000,0x00000000eaf00000,0x00000000eb000000)
 ParOldGen       total 303104K, used 261207K [0x00000000c0000000, 0x00000000d2800000, 0x00000000eab00000)
  object space 303104K, 86% used [0x00000000c0000000,0x00000000cff15e90,0x00000000d2800000)
 Metaspace       used 86951K, committed 88064K, reserved 1179648K
  class space    used 8911K, committed 9344K, reserved 1048576K
}
Event: 3147.984 GC heap after
{Heap after GC invocations=637 (full 17):
 PSYoungGen      total 4096K, used 576K [0x00000000eab00000, 0x00000000eb000000, 0x0000000100000000)
  eden space 3072K, 0% used [0x00000000eab00000,0x00000000eab00000,0x00000000eae00000)
  from space 1024K, 56% used [0x00000000eaf00000,0x00000000eaf90000,0x00000000eb000000)
  to   space 1024K, 0% used [0x00000000eae00000,0x00000000eae00000,0x00000000eaf00000)
 ParOldGen       total 303104K, used 261717K [0x00000000c0000000, 0x00000000d2800000, 0x00000000eab00000)
  object space 303104K, 86% used [0x00000000c0000000,0x00000000cff95648,0x00000000d2800000)
 Metaspace       used 86951K, committed 88064K, reserved 1179648K
  class space    used 8911K, committed 9344K, reserved 1048576K
}
Event: 3148.270 GC heap before
{Heap before GC invocations=638 (full 17):
 PSYoungGen      total 4096K, used 3648K [0x00000000eab00000, 0x00000000eb000000, 0x0000000100000000)
  eden space 3072K, 100% used [0x00000000eab00000,0x00000000eae00000,0x00000000eae00000)
  from space 1024K, 56% used [0x00000000eaf00000,0x00000000eaf90000,0x00000000eb000000)
  to   space 1024K, 0% used [0x00000000eae00000,0x00000000eae00000,0x00000000eaf00000)
 ParOldGen       total 303104K, used 261717K [0x00000000c0000000, 0x00000000d2800000, 0x00000000eab00000)
  object space 303104K, 86% used [0x00000000c0000000,0x00000000cff95648,0x00000000d2800000)
 Metaspace       used 86994K, committed 88064K, reserved 1179648K
  class space    used 8911K, committed 9344K, reserved 1048576K
}
Event: 3148.278 GC heap after
{Heap after GC invocations=638 (full 17):
 PSYoungGen      total 4096K, used 993K [0x00000000eab00000, 0x00000000eb500000, 0x0000000100000000)
  eden space 3072K, 0% used [0x00000000eab00000,0x00000000eab00000,0x00000000eae00000)
  from space 1024K, 96% used [0x00000000eae00000,0x00000000eaef8448,0x00000000eaf00000)
  to   space 3584K, 0% used [0x00000000eb180000,0x00000000eb180000,0x00000000eb500000)
 ParOldGen       total 303104K, used 263786K [0x00000000c0000000, 0x00000000d2800000, 0x00000000eab00000)
  object space 303104K, 87% used [0x00000000c0000000,0x00000000d019a818,0x00000000d2800000)
 Metaspace       used 86994K, committed 88064K, reserved 1179648K
  class space    used 8911K, committed 9344K, reserved 1048576K
}
Event: 3148.367 GC heap before
{Heap before GC invocations=639 (full 17):
 PSYoungGen      total 4096K, used 4065K [0x00000000eab00000, 0x00000000eb500000, 0x0000000100000000)
  eden space 3072K, 99% used [0x00000000eab00000,0x00000000eadffff0,0x00000000eae00000)
  from space 1024K, 96% used [0x00000000eae00000,0x00000000eaef8448,0x00000000eaf00000)
  to   space 3584K, 0% used [0x00000000eb180000,0x00000000eb180000,0x00000000eb500000)
 ParOldGen       total 303104K, used 263786K [0x00000000c0000000, 0x00000000d2800000, 0x00000000eab00000)
  object space 303104K, 87% used [0x00000000c0000000,0x00000000d019a818,0x00000000d2800000)
 Metaspace       used 87026K, committed 88128K, reserved 1179648K
  class space    used 8914K, committed 9344K, reserved 1048576K
}
Event: 3148.372 GC heap after
{Heap after GC invocations=639 (full 17):
 PSYoungGen      total 4096K, used 896K [0x00000000eab00000, 0x00000000eb280000, 0x0000000100000000)
  eden space 3072K, 0% used [0x00000000eab00000,0x00000000eab00000,0x00000000eae00000)
  from space 1024K, 87% used [0x00000000eb180000,0x00000000eb260000,0x00000000eb280000)
  to   space 2048K, 0% used [0x00000000eae80000,0x00000000eae80000,0x00000000eb080000)
 ParOldGen       total 303104K, used 263882K [0x00000000c0000000, 0x00000000d2800000, 0x00000000eab00000)
  object space 303104K, 87% used [0x00000000c0000000,0x00000000d01b2818,0x00000000d2800000)
 Metaspace       used 87026K, committed 88128K, reserved 1179648K
  class space    used 8914K, committed 9344K, reserved 1048576K
}
Event: 3148.427 GC heap before
{Heap before GC invocations=640 (full 17):
 PSYoungGen      total 4096K, used 3968K [0x00000000eab00000, 0x00000000eb280000, 0x0000000100000000)
  eden space 3072K, 100% used [0x00000000eab00000,0x00000000eae00000,0x00000000eae00000)
  from space 1024K, 87% used [0x00000000eb180000,0x00000000eb260000,0x00000000eb280000)
  to   space 2048K, 0% used [0x00000000eae80000,0x00000000eae80000,0x00000000eb080000)
 ParOldGen       total 303104K, used 263882K [0x00000000c0000000, 0x00000000d2800000, 0x00000000eab00000)
  object space 303104K, 87% used [0x00000000c0000000,0x00000000d01b2818,0x00000000d2800000)
 Metaspace       used 87036K, committed 88128K, reserved 1179648K
  class space    used 8915K, committed 9344K, reserved 1048576K
}
Event: 3148.432 GC heap after
{Heap after GC invocations=640 (full 17):
 PSYoungGen      total 5120K, used 480K [0x00000000eab00000, 0x00000000eb200000, 0x0000000100000000)
  eden space 3072K, 0% used [0x00000000eab00000,0x00000000eab00000,0x00000000eae00000)
  from space 2048K, 23% used [0x00000000eae80000,0x00000000eaef8000,0x00000000eb080000)
  to   space 1024K, 0% used [0x00000000eb100000,0x00000000eb100000,0x00000000eb200000)
 ParOldGen       total 303104K, used 264684K [0x00000000c0000000, 0x00000000d2800000, 0x00000000eab00000)
  object space 303104K, 87% used [0x00000000c0000000,0x00000000d027b1b8,0x00000000d2800000)
 Metaspace       used 87036K, committed 88128K, reserved 1179648K
  class space    used 8915K, committed 9344K, reserved 1048576K
}
Event: 3148.467 GC heap before
{Heap before GC invocations=641 (full 17):
 PSYoungGen      total 5120K, used 3551K [0x00000000eab00000, 0x00000000eb200000, 0x0000000100000000)
  eden space 3072K, 99% used [0x00000000eab00000,0x00000000eadffe20,0x00000000eae00000)
  from space 2048K, 23% used [0x00000000eae80000,0x00000000eaef8000,0x00000000eb080000)
  to   space 1024K, 0% used [0x00000000eb100000,0x00000000eb100000,0x00000000eb200000)
 ParOldGen       total 303104K, used 264684K [0x00000000c0000000, 0x00000000d2800000, 0x00000000eab00000)
  object space 303104K, 87% used [0x00000000c0000000,0x00000000d027b1b8,0x00000000d2800000)
 Metaspace       used 87036K, committed 88128K, reserved 1179648K
  class space    used 8915K, committed 9344K, reserved 1048576K
}
Event: 3148.470 GC heap after
{Heap after GC invocations=641 (full 17):
 PSYoungGen      total 3584K, used 277K [0x00000000eab00000, 0x00000000eb180000, 0x0000000100000000)
  eden space 3072K, 0% used [0x00000000eab00000,0x00000000eab00000,0x00000000eae00000)
  from space 512K, 54% used [0x00000000eb100000,0x00000000eb1454e0,0x00000000eb180000)
  to   space 512K, 0% used [0x00000000eb080000,0x00000000eb080000,0x00000000eb100000)
 ParOldGen       total 303104K, used 265109K [0x00000000c0000000, 0x00000000d2800000, 0x00000000eab00000)
  object space 303104K, 87% used [0x00000000c0000000,0x00000000d02e55a8,0x00000000d2800000)
 Metaspace       used 87036K, committed 88128K, reserved 1179648K
  class space    used 8915K, committed 9344K, reserved 1048576K
}
Event: 3148.645 GC heap before
{Heap before GC invocations=642 (full 17):
 PSYoungGen      total 3584K, used 1980K [0x00000000eab00000, 0x00000000eb180000, 0x0000000100000000)
  eden space 3072K, 55% used [0x00000000eab00000,0x00000000eaca9df0,0x00000000eae00000)
  from space 512K, 54% used [0x00000000eb100000,0x00000000eb1454e0,0x00000000eb180000)
  to   space 512K, 0% used [0x00000000eb080000,0x00000000eb080000,0x00000000eb100000)
 ParOldGen       total 303104K, used 265109K [0x00000000c0000000, 0x00000000d2800000, 0x00000000eab00000)
  object space 303104K, 87% used [0x00000000c0000000,0x00000000d02e55a8,0x00000000d2800000)
 Metaspace       used 87052K, committed 88128K, reserved 1179648K
  class space    used 8918K, committed 9344K, reserved 1048576K
}
Event: 3148.648 GC heap after
{Heap after GC invocations=642 (full 17):
 PSYoungGen      total 3584K, used 512K [0x00000000eab00000, 0x00000000eb180000, 0x0000000100000000)
  eden space 3072K, 0% used [0x00000000eab00000,0x00000000eab00000,0x00000000eae00000)
  from space 512K, 100% used [0x00000000eb080000,0x00000000eb100000,0x00000000eb100000)
  to   space 512K, 0% used [0x00000000eb100000,0x00000000eb100000,0x00000000eb180000)
 ParOldGen       total 303104K, used 265279K [0x00000000c0000000, 0x00000000d2800000, 0x00000000eab00000)
  object space 303104K, 87% used [0x00000000c0000000,0x00000000d030ff38,0x00000000d2800000)
 Metaspace       used 87052K, committed 88128K, reserved 1179648K
  class space    used 8918K, committed 9344K, reserved 1048576K
}

